# JRE version: OpenJDK Runtime Environment (8.0_242-b08) (build 1.8.0_242-b08)
# Java VM: OpenJDK 64-Bit Server VM (25.242-b08 mixed mode windows-amd64 compressed oops)
Heap:
 garbage-first heap   total 8388608K, used 3997696K [0x00000005c0000000, 0x00000005c2000800, 0x00000007c0000000)
  region size 32768K, 14 young (458752K), 7 survivors (229376K)
 Metaspace       used 187532K, capacity 209380K, committed 209504K, reserved 1216512K
  class space    used 34616K, capacity 42296K, committed 42336K, reserved 1048576K
GC Heap History (10 events):
Event: 132.715 GC heap before
{Heap before GC invocations=119 (full 0):
 garbage-first heap   total 8388608K, used 6397937K [0x00000005c0000000, 0x00000005c2000800, 0x00000007c0000000)
  region size 32768K, 117 young (3833856K), 8 survivors (262144K)
 Metaspace       used 186053K, capacity 207414K, committed 207584K, reserved 1214464K
  class space    used 34438K, capacity 42087K, committed 42208K, reserved 1048576K
Event: 132.776 GC heap after
Heap after GC invocations=120 (full 0):
 garbage-first heap   total 8388608K, used 2755927K [0x00000005c0000000, 0x00000005c2000800, 0x00000007c0000000)
  region size 32768K, 5 young (163840K), 5 survivors (163840K)
 Metaspace       used 186053K, capacity 207414K, committed 207584K, reserved 1214464K
  class space    used 34438K, capacity 42087K, committed 42208K, reserved 1048576K
}
Event: 135.895 GC heap before
{Heap before GC invocations=120 (full 0):
 garbage-first heap   total 8388608K, used 6491479K [0x00000005c0000000, 0x00000005c2000800, 0x00000007c0000000)
  region size 32768K, 119 young (3899392K), 5 survivors (163840K)
 Metaspace       used 186053K, capacity 207414K, committed 207584K, reserved 1214464K
  class space    used 34438K, capacity 42087K, committed 42208K, reserved 1048576K
Event: 135.934 GC heap after
Heap after GC invocations=121 (full 0):
 garbage-first heap   total 8388608K, used 2787844K [0x00000005c0000000, 0x00000005c2000800, 0x00000007c0000000)
  region size 32768K, 6 young (196608K), 6 survivors (196608K)
 Metaspace       used 186053K, capacity 207414K, committed 207584K, reserved 1214464K
  class space    used 34438K, capacity 42087K, committed 42208K, reserved 1048576K
}
Event: 139.045 GC heap before
{Heap before GC invocations=121 (full 0):
 garbage-first heap   total 8388608K, used 6457860K [0x00000005c0000000, 0x00000005c2000800, 0x00000007c0000000)
  region size 32768K, 118 young (3866624K), 6 survivors (196608K)
 Metaspace       used 186053K, capacity 207414K, committed 207584K, reserved 1214464K
  class space    used 34438K, capacity 42087K, committed 42208K, reserved 1048576K
Event: 139.089 GC heap after
Heap after GC invocations=122 (full 0):
 garbage-first heap   total 8388608K, used 2807892K [0x00000005c0000000, 0x00000005c2000800, 0x00000007c0000000)
  region size 32768K, 6 young (196608K), 6 survivors (196608K)
 Metaspace       used 186053K, capacity 207414K, committed 207584K, reserved 1214464K
  class space    used 34438K, capacity 42087K, committed 42208K, reserved 1048576K
}
Event: 142.769 GC heap before
{Heap before GC invocations=122 (full 0):
 garbage-first heap   total 8388608K, used 6445140K [0x00000005c0000000, 0x00000005c2000800, 0x00000007c0000000)
  region size 32768K, 117 young (3833856K), 6 survivors (196608K)
 Metaspace       used 186828K, capacity 208278K, committed 208352K, reserved 1216512K
  class space    used 34510K, capacity 42153K, committed 42208K, reserved 1048576K
Event: 143.064 GC heap after
Heap after GC invocations=123 (full 0):
 garbage-first heap   total 8388608K, used 3494148K [0x00000005c0000000, 0x00000005c2000800, 0x00000007c0000000)
  region size 32768K, 15 young (491520K), 15 survivors (491520K)
 Metaspace       used 186828K, capacity 208278K, committed 208352K, reserved 1216512K
  class space    used 34510K, capacity 42153K, committed 42208K, reserved 1048576K
}
Event: 144.323 GC heap before
{Heap before GC invocations=123 (full 0):
 garbage-first heap   total 8388608K, used 4673796K [0x00000005c0000000, 0x00000005c2000800, 0x00000007c0000000)
  region size 32768K, 51 young (1671168K), 15 survivors (491520K)
 Metaspace       used 187045K, capacity 208562K, committed 208608K, reserved 1216512K
  class space    used 34548K, capacity 42195K, committed 42208K, reserved 1048576K
Event: 144.588 GC heap after
Heap after GC invocations=124 (full 0):
 garbage-first heap   total 8388608K, used 3801088K [0x00000005c0000000, 0x00000005c2000800, 0x00000007c0000000)
  region size 32768K, 7 young (229376K), 7 survivors (229376K)
 Metaspace       used 187045K, capacity 208562K, committed 208608K, reserved 1216512K
  class space    used 34548K, capacity 42195K, committed 42208K, reserved 1048576K
}

