# JRE version: Java(TM) SE Runtime Environment (8.0_51-b16) (build 1.8.0_51-b16)
# Java VM: Java HotSpot(TM) 64-Bit Server VM (25.51-b03 mixed mode windows-amd64 compressed oops)
Heap:
 PSYoungGen      total 1282048K, used 624681K [0x000000076ab00000, 0x00000007c0000000, 0x00000007c0000000)
  eden space 1166336K, 50% used [0x000000076ab00000,0x000000078eed2530,0x00000007b1e00000)
  from space 115712K, 26% used [0x00000007b1e00000,0x00000007b3c38000,0x00000007b8f00000)
  to   space 114688K, 0% used [0x00000007b9000000,0x00000007b9000000,0x00000007c0000000)
 ParOldGen       total 2796544K, used 2596653K [0x00000006c0000000, 0x000000076ab00000, 0x000000076ab00000)
  object space 2796544K, 92% used [0x00000006c0000000,0x000000075e7cb688,0x000000076ab00000)
 Metaspace       used 214582K, capacity 243555K, committed 244864K, reserved 1249280K
  class space    used 36635K, capacity 44513K, committed 44928K, reserved 1048576K
GC Heap History (10 events):
Event: 1916.995 GC heap before
{Heap before GC invocations=496 (full 12):
 PSYoungGen      total 1295360K, used 1255403K [0x000000076ab00000, 0x00000007c0000000, 0x00000007c0000000)
  eden space 1192960K, 100% used [0x000000076ab00000,0x00000007b3800000,0x00000007b3800000)
  from space 102400K, 60% used [0x00000007b3800000,0x00000007b74faf60,0x00000007b9c00000)
  to   space 102400K, 0% used [0x00000007b9c00000,0x00000007b9c00000,0x00000007c0000000)
 ParOldGen       total 2796544K, used 2761266K [0x00000006c0000000, 0x000000076ab00000, 0x000000076ab00000)
  object space 2796544K, 98% used [0x00000006c0000000,0x000000076888cb18,0x000000076ab00000)
 Metaspace       used 215130K, capacity 244667K, committed 244864K, reserved 1249280K
  class space    used 36825K, capacity 44879K, committed 44928K, reserved 1048576K
Event: 1917.023 GC heap after
Heap after GC invocations=496 (full 12):
 PSYoungGen      total 1288192K, used 54197K [0x000000076ab00000, 0x00000007bf900000, 0x00000007c0000000)
  eden space 1192960K, 0% used [0x000000076ab00000,0x000000076ab00000,0x00000007b3800000)
  from space 95232K, 56% used [0x00000007b9c00000,0x00000007bd0ed748,0x00000007bf900000)
  to   space 98816K, 0% used [0x00000007b3800000,0x00000007b3800000,0x00000007b9880000)
 ParOldGen       total 2796544K, used 2770125K [0x00000006c0000000, 0x000000076ab00000, 0x000000076ab00000)
  object space 2796544K, 99% used [0x00000006c0000000,0x0000000769133450,0x000000076ab00000)
 Metaspace       used 215130K, capacity 244667K, committed 244864K, reserved 1249280K
  class space    used 36825K, capacity 44879K, committed 44928K, reserved 1048576K
}
Event: 1924.976 GC heap before
{Heap before GC invocations=497 (full 12):
 PSYoungGen      total 1288192K, used 1247157K [0x000000076ab00000, 0x00000007bf900000, 0x00000007c0000000)
  eden space 1192960K, 100% used [0x000000076ab00000,0x00000007b3800000,0x00000007b3800000)
  from space 95232K, 56% used [0x00000007b9c00000,0x00000007bd0ed748,0x00000007bf900000)
  to   space 98816K, 0% used [0x00000007b3800000,0x00000007b3800000,0x00000007b9880000)
 ParOldGen       total 2796544K, used 2770133K [0x00000006c0000000, 0x000000076ab00000, 0x000000076ab00000)
  object space 2796544K, 99% used [0x00000006c0000000,0x0000000769135460,0x000000076ab00000)
 Metaspace       used 215175K, capacity 244697K, committed 244864K, reserved 1249280K
  class space    used 36830K, capacity 44882K, committed 44928K, reserved 1048576K
Event: 1925.020 GC heap after
Heap after GC invocations=497 (full 12):
 PSYoungGen      total 1291776K, used 98787K [0x000000076ab00000, 0x00000007c0000000, 0x00000007c0000000)
  eden space 1192960K, 0% used [0x000000076ab00000,0x000000076ab00000,0x00000007b3800000)
  from space 98816K, 99% used [0x00000007b3800000,0x00000007b9878c78,0x00000007b9880000)
  to   space 105984K, 0% used [0x00000007b9880000,0x00000007b9880000,0x00000007c0000000)
 ParOldGen       total 2796544K, used 2782782K [0x00000006c0000000, 0x000000076ab00000, 0x000000076ab00000)
  object space 2796544K, 99% used [0x00000006c0000000,0x0000000769d8fa70,0x000000076ab00000)
 Metaspace       used 215175K, capacity 244697K, committed 244864K, reserved 1249280K
  class space    used 36830K, capacity 44882K, committed 44928K, reserved 1048576K
}
Event: 1927.918 GC heap before
{Heap before GC invocations=498 (full 12):
 PSYoungGen      total 1291776K, used 1291747K [0x000000076ab00000, 0x00000007c0000000, 0x00000007c0000000)
  eden space 1192960K, 100% used [0x000000076ab00000,0x00000007b3800000,0x00000007b3800000)
  from space 98816K, 99% used [0x00000007b3800000,0x00000007b9878c78,0x00000007b9880000)
  to   space 105984K, 0% used [0x00000007b9880000,0x00000007b9880000,0x00000007c0000000)
 ParOldGen       total 2796544K, used 2783321K [0x00000006c0000000, 0x000000076ab00000, 0x000000076ab00000)
  object space 2796544K, 99% used [0x00000006c0000000,0x0000000769e16440,0x000000076ab00000)
 Metaspace       used 215186K, capacity 244715K, committed 244864K, reserved 1249280K
  class space    used 36832K, capacity 44885K, committed 44928K, reserved 1048576K
Event: 1927.984 GC heap after
Heap after GC invocations=498 (full 12):
 PSYoungGen      total 1272320K, used 70472K [0x000000076ab00000, 0x00000007c0000000, 0x00000007c0000000)
  eden space 1166336K, 0% used [0x000000076ab00000,0x000000076ab00000,0x00000007b1e00000)
  from space 105984K, 66% used [0x00000007b9880000,0x00000007bdd52010,0x00000007c0000000)
  to   space 115712K, 0% used [0x00000007b1e00000,0x00000007b1e00000,0x00000007b8f00000)
 ParOldGen       total 2796544K, used 2791015K [0x00000006c0000000, 0x000000076ab00000, 0x000000076ab00000)
  object space 2796544K, 99% used [0x00000006c0000000,0x000000076a599e80,0x000000076ab00000)
 Metaspace       used 215186K, capacity 244715K, committed 244864K, reserved 1249280K
  class space    used 36832K, capacity 44885K, committed 44928K, reserved 1048576K
}
Event: 1927.984 GC heap before
{Heap before GC invocations=499 (full 13):
 PSYoungGen      total 1272320K, used 70472K [0x000000076ab00000, 0x00000007c0000000, 0x00000007c0000000)
  eden space 1166336K, 0% used [0x000000076ab00000,0x000000076ab00000,0x00000007b1e00000)
  from space 105984K, 66% used [0x00000007b9880000,0x00000007bdd52010,0x00000007c0000000)
  to   space 115712K, 0% used [0x00000007b1e00000,0x00000007b1e00000,0x00000007b8f00000)
 ParOldGen       total 2796544K, used 2791015K [0x00000006c0000000, 0x000000076ab00000, 0x000000076ab00000)
  object space 2796544K, 99% used [0x00000006c0000000,0x000000076a599e80,0x000000076ab00000)
 Metaspace       used 215186K, capacity 244715K, committed 244864K, reserved 1249280K
  class space    used 36832K, capacity 44885K, committed 44928K, reserved 1048576K
Event: 1929.876 GC heap after
Heap after GC invocations=499 (full 13):
 PSYoungGen      total 1272320K, used 0K [0x000000076ab00000, 0x00000007c0000000, 0x00000007c0000000)
  eden space 1166336K, 0% used [0x000000076ab00000,0x000000076ab00000,0x00000007b1e00000)
  from space 105984K, 0% used [0x00000007b9880000,0x00000007b9880000,0x00000007c0000000)
  to   space 115712K, 0% used [0x00000007b1e00000,0x00000007b1e00000,0x00000007b8f00000)
 ParOldGen       total 2796544K, used 2596651K [0x00000006c0000000, 0x000000076ab00000, 0x000000076ab00000)
  object space 2796544K, 92% used [0x00000006c0000000,0x000000075e7caef0,0x000000076ab00000)
 Metaspace       used 214545K, capacity 243517K, committed 244864K, reserved 1249280K
  class space    used 36626K, capacity 44498K, committed 44928K, reserved 1048576K
}
Event: 1931.434 GC heap before
{Heap before GC invocations=500 (full 13):
 PSYoungGen      total 1272320K, used 1166336K [0x000000076ab00000, 0x00000007c0000000, 0x00000007c0000000)
  eden space 1166336K, 100% used [0x000000076ab00000,0x00000007b1e00000,0x00000007b1e00000)
  from space 105984K, 0% used [0x00000007b9880000,0x00000007b9880000,0x00000007c0000000)
  to   space 115712K, 0% used [0x00000007b1e00000,0x00000007b1e00000,0x00000007b8f00000)
 ParOldGen       total 2796544K, used 2596653K [0x00000006c0000000, 0x000000076ab00000, 0x000000076ab00000)
  object space 2796544K, 92% used [0x00000006c0000000,0x000000075e7cb688,0x000000076ab00000)
 Metaspace       used 214545K, capacity 243517K, committed 244864K, reserved 1249280K
  class space    used 36626K, capacity 44498K, committed 44928K, reserved 1048576K
Event: 1931.475 GC heap after
Heap after GC invocations=500 (full 13):
 PSYoungGen      total 1282048K, used 30944K [0x000000076ab00000, 0x00000007c0000000, 0x00000007c0000000)
  eden space 1166336K, 0% used [0x000000076ab00000,0x000000076ab00000,0x00000007b1e00000)
  from space 115712K, 26% used [0x00000007b1e00000,0x00000007b3c38000,0x00000007b8f00000)
  to   space 114688K, 0% used [0x00000007b9000000,0x00000007b9000000,0x00000007c0000000)
 ParOldGen       total 2796544K, used 2596653K [0x00000006c0000000, 0x000000076ab00000, 0x000000076ab00000)
  object space 2796544K, 92% used [0x00000006c0000000,0x000000075e7cb688,0x000000076ab00000)
 Metaspace       used 214545K, capacity 243517K, committed 244864K, reserved 1249280K
  class space    used 36626K, capacity 44498K, committed 44928K, reserved 1048576K
}

