# JRE version: OpenJDK Runtime Environment (8.0_242-b08) (build 1.8.0_242-b08)
# Java VM: OpenJDK 64-Bit Server VM (25.242-b08 mixed mode windows-amd64 compressed oops)
Heap:
 garbage-first heap   total 8388608K, used 3766951K [0x00000005c0000000, 0x00000005c2000800, 0x00000007c0000000)
  region size 32768K, 13 young (425984K), 7 survivors (229376K)
 Metaspace       used 233028K, capacity 264537K, committed 264676K, reserved 1263616K
  class space    used 40738K, capacity 50446K, committed 50480K, reserved 1048576K
GC Heap History (10 events):
Event: 415.628 GC heap before
{Heap before GC invocations=140 (full 0):
 garbage-first heap   total 8388608K, used 5115853K [0x00000005c0000000, 0x00000005c2000800, 0x00000007c0000000)
  region size 32768K, 51 young (1671168K), 5 survivors (163840K)
 Metaspace       used 227210K, capacity 257609K, committed 258276K, reserved 1257472K
  class space    used 40383K, capacity 49984K, committed 50224K, reserved 1048576K
Event: 415.724 GC heap after
Heap after GC invocations=141 (full 0):
 garbage-first heap   total 8388608K, used 3480392K [0x00000005c0000000, 0x00000005c2000800, 0x00000007c0000000)
  region size 32768K, 7 young (229376K), 7 survivors (229376K)
 Metaspace       used 227210K, capacity 257609K, committed 258276K, reserved 1257472K
  class space    used 40383K, capacity 49984K, committed 50224K, reserved 1048576K
}
Event: 419.215 GC heap before
{Heap before GC invocations=141 (full 0):
 garbage-first heap   total 8388608K, used 4922184K [0x00000005c0000000, 0x00000005c2000800, 0x00000007c0000000)
  region size 32768K, 51 young (1671168K), 7 survivors (229376K)
 Metaspace       used 229906K, capacity 260903K, committed 261220K, reserved 1259520K
  class space    used 40580K, capacity 50253K, committed 50352K, reserved 1048576K
Event: 419.337 GC heap after
Heap after GC invocations=142 (full 0):
 garbage-first heap   total 8388608K, used 3579952K [0x00000005c0000000, 0x00000005c2000800, 0x00000007c0000000)
  region size 32768K, 7 young (229376K), 7 survivors (229376K)
 Metaspace       used 229906K, capacity 260903K, committed 261220K, reserved 1259520K
  class space    used 40580K, capacity 50253K, committed 50352K, reserved 1048576K
}
Event: 430.352 GC heap before
{Heap before GC invocations=142 (full 0):
 garbage-first heap   total 8388608K, used 5021744K [0x00000005c0000000, 0x00000005c2000800, 0x00000007c0000000)
  region size 32768K, 52 young (1703936K), 7 survivors (229376K)
 Metaspace       used 232158K, capacity 263385K, committed 263524K, reserved 1263616K
  class space    used 40653K, capacity 50328K, committed 50352K, reserved 1048576K
Event: 430.480 GC heap after
Heap after GC invocations=143 (full 0):
 garbage-first heap   total 8388608K, used 3528053K [0x00000005c0000000, 0x00000005c2000800, 0x00000007c0000000)
  region size 32768K, 6 young (196608K), 6 survivors (196608K)
 Metaspace       used 232158K, capacity 263385K, committed 263524K, reserved 1263616K
  class space    used 40653K, capacity 50328K, committed 50352K, reserved 1048576K
}
Event: 451.647 GC heap before
{Heap before GC invocations=143 (full 0):
 garbage-first heap   total 8388608K, used 5002613K [0x00000005c0000000, 0x00000005c2000800, 0x00000007c0000000)
  region size 32768K, 52 young (1703936K), 6 survivors (196608K)
 Metaspace       used 232718K, capacity 264083K, committed 264420K, reserved 1263616K
  class space    used 40699K, capacity 50397K, committed 50480K, reserved 1048576K
Event: 451.778 GC heap after
Heap after GC invocations=144 (full 0):
 garbage-first heap   total 8388608K, used 3585608K [0x00000005c0000000, 0x00000005c2000800, 0x00000007c0000000)
  region size 32768K, 6 young (196608K), 6 survivors (196608K)
 Metaspace       used 232718K, capacity 264083K, committed 264420K, reserved 1263616K
  class space    used 40699K, capacity 50397K, committed 50480K, reserved 1048576K
}
Event: 466.391 GC heap before
{Heap before GC invocations=144 (full 0):
 garbage-first heap   total 8388608K, used 5060168K [0x00000005c0000000, 0x00000005c2000800, 0x00000007c0000000)
  region size 32768K, 52 young (1703936K), 6 survivors (196608K)
 Metaspace       used 232973K, capacity 264417K, committed 264676K, reserved 1263616K
  class space    used 40727K, capacity 50428K, committed 50480K, reserved 1048576K
Event: 466.454 GC heap after
Heap after GC invocations=145 (full 0):
 garbage-first heap   total 8388608K, used 3603111K [0x00000005c0000000, 0x00000005c2000800, 0x00000007c0000000)
  region size 32768K, 7 young (229376K), 7 survivors (229376K)
 Metaspace       used 232973K, capacity 264417K, committed 264676K, reserved 1263616K
  class space    used 40727K, capacity 50428K, committed 50480K, reserved 1048576K
}

