# JRE version: Java(TM) SE Runtime Environment (8.0_51-b16) (build 1.8.0_51-b16)
# Java VM: Java HotSpot(TM) 64-Bit Server VM (25.51-b03 mixed mode windows-amd64 compressed oops)
Heap:
 PSYoungGen      total 507392K, used 169559K [0x000000076ab00000, 0x000000079f880000, 0x00000007c0000000)
  eden space 502784K, 32% used [0x000000076ab00000,0x0000000774c1dec8,0x0000000789600000)
  from space 4608K, 99% used [0x000000079f400000,0x000000079f878070,0x000000079f880000)
  to   space 20992K, 0% used [0x000000079cf80000,0x000000079cf80000,0x000000079e400000)
 ParOldGen       total 2742784K, used 2655508K [0x00000006c0000000, 0x0000000767680000, 0x000000076ab00000)
  object space 2742784K, 96% used [0x00000006c0000000,0x0000000762145178,0x0000000767680000)
 Metaspace       used 220608K, capacity 250524K, committed 250712K, reserved 1253376K
  class space    used 38324K, capacity 46690K, committed 46720K, reserved 1048576K
GC Heap History (10 events):
Event: 2969.483 GC heap before
{Heap before GC invocations=622 (full 10):
 PSYoungGen      total 516096K, used 515840K [0x000000076ab00000, 0x00000007a0080000, 0x00000007c0000000)
  eden space 514560K, 100% used [0x000000076ab00000,0x000000078a180000,0x000000078a180000)
  from space 1536K, 83% used [0x000000079f800000,0x000000079f940000,0x000000079f980000)
  to   space 4608K, 0% used [0x000000079fc00000,0x000000079fc00000,0x00000007a0080000)
 ParOldGen       total 2742784K, used 2612481K [0x00000006c0000000, 0x0000000767680000, 0x000000076ab00000)
  object space 2742784K, 95% used [0x00000006c0000000,0x000000075f740520,0x0000000767680000)
 Metaspace       used 220481K, capacity 250406K, committed 250712K, reserved 1253376K
  class space    used 38305K, capacity 46667K, committed 46720K, reserved 1048576K
Event: 2969.491 GC heap after
Heap after GC invocations=622 (full 10):
 PSYoungGen      total 503296K, used 2032K [0x000000076ab00000, 0x000000079fe00000, 0x00000007c0000000)
  eden space 501248K, 0% used [0x000000076ab00000,0x000000076ab00000,0x0000000789480000)
  from space 2048K, 99% used [0x000000079fc00000,0x000000079fdfc018,0x000000079fe00000)
  to   space 4608K, 0% used [0x000000079f500000,0x000000079f500000,0x000000079f980000)
 ParOldGen       total 2742784K, used 2612481K [0x00000006c0000000, 0x0000000767680000, 0x000000076ab00000)
  object space 2742784K, 95% used [0x00000006c0000000,0x000000075f740520,0x0000000767680000)
 Metaspace       used 220481K, capacity 250406K, committed 250712K, reserved 1253376K
  class space    used 38305K, capacity 46667K, committed 46720K, reserved 1048576K
}
Event: 2972.198 GC heap before
{Heap before GC invocations=623 (full 10):
 PSYoungGen      total 503296K, used 503280K [0x000000076ab00000, 0x000000079fe00000, 0x00000007c0000000)
  eden space 501248K, 100% used [0x000000076ab00000,0x0000000789480000,0x0000000789480000)
  from space 2048K, 99% used [0x000000079fc00000,0x000000079fdfc018,0x000000079fe00000)
  to   space 4608K, 0% used [0x000000079f500000,0x000000079f500000,0x000000079f980000)
 ParOldGen       total 2742784K, used 2612483K [0x00000006c0000000, 0x0000000767680000, 0x000000076ab00000)
  object space 2742784K, 95% used [0x00000006c0000000,0x000000075f740e18,0x0000000767680000)
 Metaspace       used 220481K, capacity 250406K, committed 250712K, reserved 1253376K
  class space    used 38305K, capacity 46667K, committed 46720K, reserved 1048576K
Event: 2972.206 GC heap after
Heap after GC invocations=623 (full 10):
 PSYoungGen      total 491008K, used 2160K [0x000000076ab00000, 0x000000079fc80000, 0x00000007c0000000)
  eden space 488448K, 0% used [0x000000076ab00000,0x000000076ab00000,0x0000000788800000)
  from space 2560K, 84% used [0x000000079f500000,0x000000079f71c018,0x000000079f780000)
  to   space 4608K, 0% used [0x000000079f800000,0x000000079f800000,0x000000079fc80000)
 ParOldGen       total 2742784K, used 2612563K [0x00000006c0000000, 0x0000000767680000, 0x000000076ab00000)
  object space 2742784K, 95% used [0x00000006c0000000,0x000000075f754e18,0x0000000767680000)
 Metaspace       used 220481K, capacity 250406K, committed 250712K, reserved 1253376K
  class space    used 38305K, capacity 46667K, committed 46720K, reserved 1048576K
}
Event: 2974.365 GC heap before
{Heap before GC invocations=624 (full 10):
 PSYoungGen      total 491008K, used 490608K [0x000000076ab00000, 0x000000079fc80000, 0x00000007c0000000)
  eden space 488448K, 100% used [0x000000076ab00000,0x0000000788800000,0x0000000788800000)
  from space 2560K, 84% used [0x000000079f500000,0x000000079f71c018,0x000000079f780000)
  to   space 4608K, 0% used [0x000000079f800000,0x000000079f800000,0x000000079fc80000)
 ParOldGen       total 2742784K, used 2612563K [0x00000006c0000000, 0x0000000767680000, 0x000000076ab00000)
  object space 2742784K, 95% used [0x00000006c0000000,0x000000075f754e18,0x0000000767680000)
 Metaspace       used 220481K, capacity 250406K, committed 250712K, reserved 1253376K
  class space    used 38305K, capacity 46667K, committed 46720K, reserved 1048576K
Event: 2974.373 GC heap after
Heap after GC invocations=624 (full 10):
 PSYoungGen      total 478208K, used 2096K [0x000000076ab00000, 0x000000079fa80000, 0x00000007c0000000)
  eden space 475648K, 0% used [0x000000076ab00000,0x000000076ab00000,0x0000000787b80000)
  from space 2560K, 81% used [0x000000079f800000,0x000000079fa0c018,0x000000079fa80000)
  to   space 4608K, 0% used [0x000000079f180000,0x000000079f180000,0x000000079f600000)
 ParOldGen       total 2742784K, used 2612587K [0x00000006c0000000, 0x0000000767680000, 0x000000076ab00000)
  object space 2742784K, 95% used [0x00000006c0000000,0x000000075f75ae18,0x0000000767680000)
 Metaspace       used 220481K, capacity 250406K, committed 250712K, reserved 1253376K
  class space    used 38305K, capacity 46667K, committed 46720K, reserved 1048576K
}
Event: 2975.417 GC heap before
{Heap before GC invocations=625 (full 10):
 PSYoungGen      total 478208K, used 477744K [0x000000076ab00000, 0x000000079fa80000, 0x00000007c0000000)
  eden space 475648K, 100% used [0x000000076ab00000,0x0000000787b80000,0x0000000787b80000)
  from space 2560K, 81% used [0x000000079f800000,0x000000079fa0c018,0x000000079fa80000)
  to   space 4608K, 0% used [0x000000079f180000,0x000000079f180000,0x000000079f600000)
 ParOldGen       total 2742784K, used 2612846K [0x00000006c0000000, 0x0000000767680000, 0x000000076ab00000)
  object space 2742784K, 95% used [0x00000006c0000000,0x000000075f79b8f8,0x0000000767680000)
 Metaspace       used 220481K, capacity 250406K, committed 250712K, reserved 1253376K
  class space    used 38305K, capacity 46667K, committed 46720K, reserved 1048576K
Event: 2975.425 GC heap after
Heap after GC invocations=625 (full 10):
 PSYoungGen      total 484864K, used 2096K [0x000000076ab00000, 0x000000079f880000, 0x00000007c0000000)
  eden space 482304K, 0% used [0x000000076ab00000,0x000000076ab00000,0x0000000788200000)
  from space 2560K, 81% used [0x000000079f180000,0x000000079f38c018,0x000000079f400000)
  to   space 4608K, 0% used [0x000000079f400000,0x000000079f400000,0x000000079f880000)
 ParOldGen       total 2742784K, used 2612854K [0x00000006c0000000, 0x0000000767680000, 0x000000076ab00000)
  object space 2742784K, 95% used [0x00000006c0000000,0x000000075f79d8f8,0x0000000767680000)
 Metaspace       used 220481K, capacity 250406K, committed 250712K, reserved 1253376K
  class space    used 38305K, capacity 46667K, committed 46720K, reserved 1048576K
}
Event: 2976.391 GC heap before
{Heap before GC invocations=626 (full 10):
 PSYoungGen      total 484864K, used 484400K [0x000000076ab00000, 0x000000079f880000, 0x00000007c0000000)
  eden space 482304K, 100% used [0x000000076ab00000,0x0000000788200000,0x0000000788200000)
  from space 2560K, 81% used [0x000000079f180000,0x000000079f38c018,0x000000079f400000)
  to   space 4608K, 0% used [0x000000079f400000,0x000000079f400000,0x000000079f880000)
 ParOldGen       total 2742784K, used 2612872K [0x00000006c0000000, 0x0000000767680000, 0x000000076ab00000)
  object space 2742784K, 95% used [0x00000006c0000000,0x000000075f7a2130,0x0000000767680000)
 Metaspace       used 220567K, capacity 250488K, committed 250712K, reserved 1253376K
  class space    used 38315K, capacity 46676K, committed 46720K, reserved 1048576K
Event: 2976.438 GC heap after
Heap after GC invocations=626 (full 10):
 PSYoungGen      total 507392K, used 4576K [0x000000076ab00000, 0x000000079f880000, 0x00000007c0000000)
  eden space 502784K, 0% used [0x000000076ab00000,0x000000076ab00000,0x0000000789600000)
  from space 4608K, 99% used [0x000000079f400000,0x000000079f878070,0x000000079f880000)
  to   space 20992K, 0% used [0x000000079cf80000,0x000000079cf80000,0x000000079e400000)
 ParOldGen       total 2742784K, used 2655508K [0x00000006c0000000, 0x0000000767680000, 0x000000076ab00000)
  object space 2742784K, 96% used [0x00000006c0000000,0x0000000762145178,0x0000000767680000)
 Metaspace       used 220567K, capacity 250488K, committed 250712K, reserved 1253376K
  class space    used 38315K, capacity 46676K, committed 46720K, reserved 1048576K
}

