# JRE version: Java(TM) SE Runtime Environment (8.0_51-b16) (build 1.8.0_51-b16)
# Java VM: Java HotSpot(TM) 64-Bit Server VM (25.51-b03 mixed mode windows-amd64 compressed oops)
Heap:
 PSYoungGen      total 931840K, used 367063K [0x000000076ab00000, 0x00000007c0000000, 0x00000007c0000000)
  eden space 465920K, 3% used [0x000000076ab00000,0x000000076b9cedc8,0x0000000787200000)
  from space 465920K, 75% used [0x0000000787200000,0x000000079c9a71a0,0x00000007a3900000)
  to   space 465920K, 0% used [0x00000007a3900000,0x00000007a3900000,0x00000007c0000000)
 ParOldGen       total 1961472K, used 1445071K [0x00000006c0000000, 0x0000000737b80000, 0x000000076ab00000)
  object space 1961472K, 73% used [0x00000006c0000000,0x0000000718333c48,0x0000000737b80000)
 Metaspace       used 174427K, capacity 194243K, committed 194304K, reserved 1206272K
  class space    used 31749K, capacity 38128K, committed 38144K, reserved 1048576K
GC Heap History (10 events):
Event: 146.679 GC heap before
{Heap before GC invocations=137 (full 7):
 PSYoungGen      total 1154048K, used 1154016K [0x000000076ab00000, 0x00000007c0000000, 0x00000007c0000000)
  eden space 910336K, 100% used [0x000000076ab00000,0x00000007a2400000,0x00000007a2400000)
  from space 243712K, 99% used [0x00000007a2400000,0x00000007b11f8020,0x00000007b1200000)
  to   space 243712K, 0% used [0x00000007b1200000,0x00000007b1200000,0x00000007c0000000)
 ParOldGen       total 1445376K, used 1078568K [0x00000006c0000000, 0x0000000718380000, 0x000000076ab00000)
  object space 1445376K, 74% used [0x00000006c0000000,0x0000000701d4a120,0x0000000718380000)
 Metaspace       used 172625K, capacity 191939K, committed 192000K, reserved 1204224K
  class space    used 31537K, capacity 37850K, committed 37888K, reserved 1048576K
Event: 146.953 GC heap after
Heap after GC invocations=137 (full 7):
 PSYoungGen      total 830464K, used 243680K [0x000000076ab00000, 0x00000007c0000000, 0x00000007c0000000)
  eden space 586752K, 0% used [0x000000076ab00000,0x000000076ab00000,0x000000078e800000)
  from space 243712K, 99% used [0x00000007b1200000,0x00000007bfff8020,0x00000007c0000000)
  to   space 405504K, 0% used [0x000000078e800000,0x000000078e800000,0x00000007a7400000)
 ParOldGen       total 1445376K, used 1303208K [0x00000006c0000000, 0x0000000718380000, 0x000000076ab00000)
  object space 1445376K, 90% used [0x00000006c0000000,0x000000070f8aa120,0x0000000718380000)
 Metaspace       used 172625K, capacity 191939K, committed 192000K, reserved 1204224K
  class space    used 31537K, capacity 37850K, committed 37888K, reserved 1048576K
}
Event: 147.664 GC heap before
{Heap before GC invocations=138 (full 7):
 PSYoungGen      total 830464K, used 830432K [0x000000076ab00000, 0x00000007c0000000, 0x00000007c0000000)
  eden space 586752K, 100% used [0x000000076ab00000,0x000000078e800000,0x000000078e800000)
  from space 243712K, 99% used [0x00000007b1200000,0x00000007bfff8020,0x00000007c0000000)
  to   space 405504K, 0% used [0x000000078e800000,0x000000078e800000,0x00000007a7400000)
 ParOldGen       total 1445376K, used 1303208K [0x00000006c0000000, 0x0000000718380000, 0x000000076ab00000)
  object space 1445376K, 90% used [0x00000006c0000000,0x000000070f8aa120,0x0000000718380000)
 Metaspace       used 172644K, capacity 191945K, committed 192000K, reserved 1204224K
  class space    used 31541K, capacity 37851K, committed 37888K, reserved 1048576K
Event: 147.926 GC heap after
Heap after GC invocations=138 (full 7):
 PSYoungGen      total 974848K, used 387936K [0x000000076ab00000, 0x00000007c0000000, 0x00000007c0000000)
  eden space 586752K, 0% used [0x000000076ab00000,0x000000076ab00000,0x000000078e800000)
  from space 388096K, 99% used [0x000000078e800000,0x00000007a62d8020,0x00000007a6300000)
  to   space 422912K, 0% used [0x00000007a6300000,0x00000007a6300000,0x00000007c0000000)
 ParOldGen       total 1445376K, used 1303208K [0x00000006c0000000, 0x0000000718380000, 0x000000076ab00000)
  object space 1445376K, 90% used [0x00000006c0000000,0x000000070f8aa120,0x0000000718380000)
 Metaspace       used 172644K, capacity 191945K, committed 192000K, reserved 1204224K
  class space    used 31541K, capacity 37851K, committed 37888K, reserved 1048576K
}
Event: 148.568 GC heap before
{Heap before GC invocations=139 (full 7):
 PSYoungGen      total 974848K, used 974688K [0x000000076ab00000, 0x00000007c0000000, 0x00000007c0000000)
  eden space 586752K, 100% used [0x000000076ab00000,0x000000078e800000,0x000000078e800000)
  from space 388096K, 99% used [0x000000078e800000,0x00000007a62d8020,0x00000007a6300000)
  to   space 422912K, 0% used [0x00000007a6300000,0x00000007a6300000,0x00000007c0000000)
 ParOldGen       total 1445376K, used 1303208K [0x00000006c0000000, 0x0000000718380000, 0x000000076ab00000)
  object space 1445376K, 90% used [0x00000006c0000000,0x000000070f8aa120,0x0000000718380000)
 Metaspace       used 172757K, capacity 192131K, committed 192256K, reserved 1204224K
  class space    used 31563K, capacity 37876K, committed 37888K, reserved 1048576K
Event: 148.863 GC heap after
Heap after GC invocations=139 (full 7):
 PSYoungGen      total 888832K, used 422880K [0x000000076ab00000, 0x00000007c0000000, 0x00000007c0000000)
  eden space 465920K, 0% used [0x000000076ab00000,0x000000076ab00000,0x0000000787200000)
  from space 422912K, 99% used [0x00000007a6300000,0x00000007bfff8270,0x00000007c0000000)
  to   space 465920K, 0% used [0x0000000787200000,0x0000000787200000,0x00000007a3900000)
 ParOldGen       total 1445376K, used 1377654K [0x00000006c0000000, 0x0000000718380000, 0x000000076ab00000)
  object space 1445376K, 95% used [0x00000006c0000000,0x000000071415d960,0x0000000718380000)
 Metaspace       used 172757K, capacity 192131K, committed 192256K, reserved 1204224K
  class space    used 31563K, capacity 37876K, committed 37888K, reserved 1048576K
}
Event: 148.863 GC heap before
{Heap before GC invocations=140 (full 8):
 PSYoungGen      total 888832K, used 422880K [0x000000076ab00000, 0x00000007c0000000, 0x00000007c0000000)
  eden space 465920K, 0% used [0x000000076ab00000,0x000000076ab00000,0x0000000787200000)
  from space 422912K, 99% used [0x00000007a6300000,0x00000007bfff8270,0x00000007c0000000)
  to   space 465920K, 0% used [0x0000000787200000,0x0000000787200000,0x00000007a3900000)
 ParOldGen       total 1445376K, used 1377654K [0x00000006c0000000, 0x0000000718380000, 0x000000076ab00000)
  object space 1445376K, 95% used [0x00000006c0000000,0x000000071415d960,0x0000000718380000)
 Metaspace       used 172757K, capacity 192131K, committed 192256K, reserved 1204224K
  class space    used 31563K, capacity 37876K, committed 37888K, reserved 1048576K
Event: 151.575 GC heap after
Heap after GC invocations=140 (full 8):
 PSYoungGen      total 888832K, used 331266K [0x000000076ab00000, 0x00000007c0000000, 0x00000007c0000000)
  eden space 465920K, 0% used [0x000000076ab00000,0x000000076ab00000,0x0000000787200000)
  from space 422912K, 78% used [0x00000007a6300000,0x00000007ba6809f8,0x00000007c0000000)
  to   space 465920K, 0% used [0x0000000787200000,0x0000000787200000,0x00000007a3900000)
 ParOldGen       total 1961472K, used 1445063K [0x00000006c0000000, 0x0000000737b80000, 0x000000076ab00000)
  object space 1961472K, 73% used [0x00000006c0000000,0x0000000718331c48,0x0000000737b80000)
 Metaspace       used 172757K, capacity 192131K, committed 192256K, reserved 1204224K
  class space    used 31563K, capacity 37876K, committed 37888K, reserved 1048576K
}
Event: 181.433 GC heap before
{Heap before GC invocations=141 (full 8):
 PSYoungGen      total 888832K, used 797186K [0x000000076ab00000, 0x00000007c0000000, 0x00000007c0000000)
  eden space 465920K, 100% used [0x000000076ab00000,0x0000000787200000,0x0000000787200000)
  from space 422912K, 78% used [0x00000007a6300000,0x00000007ba6809f8,0x00000007c0000000)
  to   space 465920K, 0% used [0x0000000787200000,0x0000000787200000,0x00000007a3900000)
 ParOldGen       total 1961472K, used 1445063K [0x00000006c0000000, 0x0000000737b80000, 0x000000076ab00000)
  object space 1961472K, 73% used [0x00000006c0000000,0x0000000718331c48,0x0000000737b80000)
 Metaspace       used 174425K, capacity 194243K, committed 194304K, reserved 1206272K
  class space    used 31749K, capacity 38128K, committed 38144K, reserved 1048576K
Event: 181.809 GC heap after
Heap after GC invocations=141 (full 8):
 PSYoungGen      total 931840K, used 351900K [0x000000076ab00000, 0x00000007c0000000, 0x00000007c0000000)
  eden space 465920K, 0% used [0x000000076ab00000,0x000000076ab00000,0x0000000787200000)
  from space 465920K, 75% used [0x0000000787200000,0x000000079c9a71a0,0x00000007a3900000)
  to   space 465920K, 0% used [0x00000007a3900000,0x00000007a3900000,0x00000007c0000000)
 ParOldGen       total 1961472K, used 1445071K [0x00000006c0000000, 0x0000000737b80000, 0x000000076ab00000)
  object space 1961472K, 73% used [0x00000006c0000000,0x0000000718333c48,0x0000000737b80000)
 Metaspace       used 174425K, capacity 194243K, committed 194304K, reserved 1206272K
  class space    used 31749K, capacity 38128K, committed 38144K, reserved 1048576K
}

