# JRE version: Java(TM) SE Runtime Environment (8.0_51-b16) (build 1.8.0_51-b16)
# Java VM: Java HotSpot(TM) 64-Bit Server VM (25.51-b03 mixed mode windows-amd64 compressed oops)
Heap:
 PSYoungGen      total 1123328K, used 84547K [0x000000076ab00000, 0x00000007bf400000, 0x00000007c0000000)
  eden space 861184K, 1% used [0x000000076ab00000,0x000000076bb30d60,0x000000079f400000)
  from space 262144K, 25% used [0x000000079f400000,0x00000007a3660030,0x00000007af400000)
  to   space 252928K, 0% used [0x00000007afd00000,0x00000007afd00000,0x00000007bf400000)
 ParOldGen       total 2796544K, used 2675166K [0x00000006c0000000, 0x000000076ab00000, 0x000000076ab00000)
  object space 2796544K, 95% used [0x00000006c0000000,0x0000000763477b98,0x000000076ab00000)
 Metaspace       used 226540K, capacity 257086K, committed 257324K, reserved 1257472K
  class space    used 39893K, capacity 48581K, committed 48684K, reserved 1048576K
GC Heap History (10 events):
Event: 754.945 GC heap before
{Heap before GC invocations=316 (full 12):
 PSYoungGen      total 1123328K, used 997728K [0x000000076ab00000, 0x00000007c0000000, 0x00000007c0000000)
  eden space 848896K, 100% used [0x000000076ab00000,0x000000079e800000,0x000000079e800000)
  from space 274432K, 54% used [0x000000079e800000,0x00000007a7958068,0x00000007af400000)
  to   space 271360K, 0% used [0x00000007af700000,0x00000007af700000,0x00000007c0000000)
 ParOldGen       total 2796544K, used 2735235K [0x00000006c0000000, 0x000000076ab00000, 0x000000076ab00000)
  object space 2796544K, 97% used [0x00000006c0000000,0x0000000766f20ed0,0x000000076ab00000)
 Metaspace       used 226492K, capacity 257048K, committed 257324K, reserved 1257472K
  class space    used 39882K, capacity 48564K, committed 48684K, reserved 1048576K
Event: 754.978 GC heap after
Heap after GC invocations=316 (full 12):
 PSYoungGen      total 1114112K, used 149132K [0x000000076ab00000, 0x00000007bf700000, 0x00000007c0000000)
  eden space 851968K, 0% used [0x000000076ab00000,0x000000076ab00000,0x000000079eb00000)
  from space 262144K, 56% used [0x00000007af700000,0x00000007b88a3338,0x00000007bf700000)
  to   space 268288K, 0% used [0x000000079eb00000,0x000000079eb00000,0x00000007af100000)
 ParOldGen       total 2796544K, used 2735307K [0x00000006c0000000, 0x000000076ab00000, 0x000000076ab00000)
  object space 2796544K, 97% used [0x00000006c0000000,0x0000000766f32ed0,0x000000076ab00000)
 Metaspace       used 226492K, capacity 257048K, committed 257324K, reserved 1257472K
  class space    used 39882K, capacity 48564K, committed 48684K, reserved 1048576K
}
Event: 758.694 GC heap before
{Heap before GC invocations=317 (full 12):
 PSYoungGen      total 1114112K, used 1001100K [0x000000076ab00000, 0x00000007bf700000, 0x00000007c0000000)
  eden space 851968K, 100% used [0x000000076ab00000,0x000000079eb00000,0x000000079eb00000)
  from space 262144K, 56% used [0x00000007af700000,0x00000007b88a3338,0x00000007bf700000)
  to   space 268288K, 0% used [0x000000079eb00000,0x000000079eb00000,0x00000007af100000)
 ParOldGen       total 2796544K, used 2735307K [0x00000006c0000000, 0x000000076ab00000, 0x000000076ab00000)
  object space 2796544K, 97% used [0x00000006c0000000,0x0000000766f32ed0,0x000000076ab00000)
 Metaspace       used 226492K, capacity 257048K, committed 257324K, reserved 1257472K
  class space    used 39882K, capacity 48564K, committed 48684K, reserved 1048576K
Event: 758.732 GC heap after
Heap after GC invocations=317 (full 12):
 PSYoungGen      total 1120256K, used 102762K [0x000000076ab00000, 0x00000007bee00000, 0x00000007c0000000)
  eden space 851968K, 0% used [0x000000076ab00000,0x000000076ab00000,0x000000079eb00000)
  from space 268288K, 38% used [0x000000079eb00000,0x00000007a4f5a910,0x00000007af100000)
  to   space 256000K, 0% used [0x00000007af400000,0x00000007af400000,0x00000007bee00000)
 ParOldGen       total 2796544K, used 2782212K [0x00000006c0000000, 0x000000076ab00000, 0x000000076ab00000)
  object space 2796544K, 99% used [0x00000006c0000000,0x0000000769d01310,0x000000076ab00000)
 Metaspace       used 226492K, capacity 257048K, committed 257324K, reserved 1257472K
  class space    used 39882K, capacity 48564K, committed 48684K, reserved 1048576K
}
Event: 758.732 GC heap before
{Heap before GC invocations=318 (full 13):
 PSYoungGen      total 1120256K, used 102762K [0x000000076ab00000, 0x00000007bee00000, 0x00000007c0000000)
  eden space 851968K, 0% used [0x000000076ab00000,0x000000076ab00000,0x000000079eb00000)
  from space 268288K, 38% used [0x000000079eb00000,0x00000007a4f5a910,0x00000007af100000)
  to   space 256000K, 0% used [0x00000007af400000,0x00000007af400000,0x00000007bee00000)
 ParOldGen       total 2796544K, used 2782212K [0x00000006c0000000, 0x000000076ab00000, 0x000000076ab00000)
  object space 2796544K, 99% used [0x00000006c0000000,0x0000000769d01310,0x000000076ab00000)
 Metaspace       used 226492K, capacity 257048K, committed 257324K, reserved 1257472K
  class space    used 39882K, capacity 48564K, committed 48684K, reserved 1048576K
Event: 759.868 GC heap after
Heap after GC invocations=318 (full 13):
 PSYoungGen      total 1120256K, used 0K [0x000000076ab00000, 0x00000007bee00000, 0x00000007c0000000)
  eden space 851968K, 0% used [0x000000076ab00000,0x000000076ab00000,0x000000079eb00000)
  from space 268288K, 0% used [0x000000079eb00000,0x000000079eb00000,0x00000007af100000)
  to   space 256000K, 0% used [0x00000007af400000,0x00000007af400000,0x00000007bee00000)
 ParOldGen       total 2796544K, used 2675166K [0x00000006c0000000, 0x000000076ab00000, 0x000000076ab00000)
  object space 2796544K, 95% used [0x00000006c0000000,0x0000000763477b98,0x000000076ab00000)
 Metaspace       used 226374K, capacity 256854K, committed 257324K, reserved 1257472K
  class space    used 39867K, capacity 48545K, committed 48684K, reserved 1048576K
}
Event: 763.496 GC heap before
{Heap before GC invocations=319 (full 13):
 PSYoungGen      total 1120256K, used 851968K [0x000000076ab00000, 0x00000007bee00000, 0x00000007c0000000)
  eden space 851968K, 100% used [0x000000076ab00000,0x000000079eb00000,0x000000079eb00000)
  from space 268288K, 0% used [0x000000079eb00000,0x000000079eb00000,0x00000007af100000)
  to   space 256000K, 0% used [0x00000007af400000,0x00000007af400000,0x00000007bee00000)
 ParOldGen       total 2796544K, used 2675166K [0x00000006c0000000, 0x000000076ab00000, 0x000000076ab00000)
  object space 2796544K, 95% used [0x00000006c0000000,0x0000000763477b98,0x000000076ab00000)
 Metaspace       used 226375K, capacity 256854K, committed 257324K, reserved 1257472K
  class space    used 39867K, capacity 48545K, committed 48684K, reserved 1048576K
Event: 763.509 GC heap after
Heap after GC invocations=319 (full 13):
 PSYoungGen      total 1117184K, used 2784K [0x000000076ab00000, 0x00000007c0000000, 0x00000007c0000000)
  eden space 861184K, 0% used [0x000000076ab00000,0x000000076ab00000,0x000000079f400000)
  from space 256000K, 1% used [0x00000007af400000,0x00000007af6b8000,0x00000007bee00000)
  to   space 262144K, 0% used [0x000000079f400000,0x000000079f400000,0x00000007af400000)
 ParOldGen       total 2796544K, used 2675166K [0x00000006c0000000, 0x000000076ab00000, 0x000000076ab00000)
  object space 2796544K, 95% used [0x00000006c0000000,0x0000000763477b98,0x000000076ab00000)
 Metaspace       used 226375K, capacity 256854K, committed 257324K, reserved 1257472K
  class space    used 39867K, capacity 48545K, committed 48684K, reserved 1048576K
}
Event: 767.600 GC heap before
{Heap before GC invocations=320 (full 13):
 PSYoungGen      total 1117184K, used 863968K [0x000000076ab00000, 0x00000007c0000000, 0x00000007c0000000)
  eden space 861184K, 100% used [0x000000076ab00000,0x000000079f400000,0x000000079f400000)
  from space 256000K, 1% used [0x00000007af400000,0x00000007af6b8000,0x00000007bee00000)
  to   space 262144K, 0% used [0x000000079f400000,0x000000079f400000,0x00000007af400000)
 ParOldGen       total 2796544K, used 2675166K [0x00000006c0000000, 0x000000076ab00000, 0x000000076ab00000)
  object space 2796544K, 95% used [0x00000006c0000000,0x0000000763477b98,0x000000076ab00000)
 Metaspace       used 226534K, capacity 257086K, committed 257324K, reserved 1257472K
  class space    used 39893K, capacity 48581K, committed 48684K, reserved 1048576K
Event: 767.670 GC heap after
Heap after GC invocations=320 (full 13):
 PSYoungGen      total 1123328K, used 67968K [0x000000076ab00000, 0x00000007bf400000, 0x00000007c0000000)
  eden space 861184K, 0% used [0x000000076ab00000,0x000000076ab00000,0x000000079f400000)
  from space 262144K, 25% used [0x000000079f400000,0x00000007a3660030,0x00000007af400000)
  to   space 252928K, 0% used [0x00000007afd00000,0x00000007afd00000,0x00000007bf400000)
 ParOldGen       total 2796544K, used 2675166K [0x00000006c0000000, 0x000000076ab00000, 0x000000076ab00000)
  object space 2796544K, 95% used [0x00000006c0000000,0x0000000763477b98,0x000000076ab00000)
 Metaspace       used 226534K, capacity 257086K, committed 257324K, reserved 1257472K
  class space    used 39893K, capacity 48581K, committed 48684K, reserved 1048576K
}

