# JRE version: Java(TM) SE Runtime Environment (8.0_51-b16) (build 1.8.0_51-b16)
# Java VM: Java HotSpot(TM) 64-Bit Server VM (25.51-b03 mixed mode windows-amd64 compressed oops)
Heap:
 PSYoungGen      total 1072640K, used 212008K [0x000000076ab00000, 0x00000007c0000000, 0x00000007c0000000)
  eden space 763904K, 1% used [0x000000076ab00000,0x000000076b38d0c8,0x0000000799500000)
  from space 308736K, 65% used [0x00000007ad280000,0x00000007b98fd1c8,0x00000007c0000000)
  to   space 316928K, 0% used [0x0000000799500000,0x0000000799500000,0x00000007aca80000)
 ParOldGen       total 2758144K, used 2160776K [0x00000006c0000000, 0x0000000768580000, 0x000000076ab00000)
  object space 2758144K, 78% used [0x00000006c0000000,0x0000000743e221a0,0x0000000768580000)
 Metaspace       used 208063K, capacity 235964K, committed 236120K, reserved 1241088K
  class space    used 36213K, capacity 44095K, committed 44120K, reserved 1048576K
GC Heap History (10 events):
Event: 370.418 GC heap before
{Heap before GC invocations=219 (full 9):
 PSYoungGen      total 1009664K, used 1009373K [0x000000076ab00000, 0x00000007c0000000, 0x00000007c0000000)
  eden space 851968K, 100% used [0x000000076ab00000,0x000000079eb00000,0x000000079eb00000)
  from space 157696K, 99% used [0x000000079eb00000,0x00000007a84b7500,0x00000007a8500000)
  to   space 276480K, 0% used [0x00000007af200000,0x00000007af200000,0x00000007c0000000)
 ParOldGen       total 2758144K, used 2158245K [0x00000006c0000000, 0x0000000768580000, 0x000000076ab00000)
  object space 2758144K, 78% used [0x00000006c0000000,0x0000000743ba96a8,0x0000000768580000)
 Metaspace       used 207921K, capacity 235732K, committed 235864K, reserved 1241088K
  class space    used 36193K, capacity 44071K, committed 44120K, reserved 1048576K
Event: 370.508 GC heap after
Heap after GC invocations=219 (full 9):
 PSYoungGen      total 1115136K, used 160588K [0x000000076ab00000, 0x00000007c0000000, 0x00000007c0000000)
  eden space 838656K, 0% used [0x000000076ab00000,0x000000076ab00000,0x000000079de00000)
  from space 276480K, 58% used [0x00000007af200000,0x00000007b8ed30b8,0x00000007c0000000)
  to   space 279552K, 0% used [0x000000079de00000,0x000000079de00000,0x00000007aef00000)
 ParOldGen       total 2758144K, used 2158261K [0x00000006c0000000, 0x0000000768580000, 0x000000076ab00000)
  object space 2758144K, 78% used [0x00000006c0000000,0x0000000743bad6a8,0x0000000768580000)
 Metaspace       used 207921K, capacity 235732K, committed 235864K, reserved 1241088K
  class space    used 36193K, capacity 44071K, committed 44120K, reserved 1048576K
}
Event: 372.571 GC heap before
{Heap before GC invocations=220 (full 9):
 PSYoungGen      total 1115136K, used 999244K [0x000000076ab00000, 0x00000007c0000000, 0x00000007c0000000)
  eden space 838656K, 100% used [0x000000076ab00000,0x000000079de00000,0x000000079de00000)
  from space 276480K, 58% used [0x00000007af200000,0x00000007b8ed30b8,0x00000007c0000000)
  to   space 279552K, 0% used [0x000000079de00000,0x000000079de00000,0x00000007aef00000)
 ParOldGen       total 2758144K, used 2159120K [0x00000006c0000000, 0x0000000768580000, 0x000000076ab00000)
  object space 2758144K, 78% used [0x00000006c0000000,0x0000000743c841f0,0x0000000768580000)
 Metaspace       used 208013K, capacity 235858K, committed 236120K, reserved 1241088K
  class space    used 36202K, capacity 44080K, committed 44120K, reserved 1048576K
Event: 372.663 GC heap after
Heap after GC invocations=220 (full 9):
 PSYoungGen      total 1006592K, used 167524K [0x000000076ab00000, 0x00000007c0000000, 0x00000007c0000000)
  eden space 838656K, 0% used [0x000000076ab00000,0x000000076ab00000,0x000000079de00000)
  from space 167936K, 99% used [0x000000079de00000,0x00000007a8199230,0x00000007a8200000)
  to   space 283136K, 0% used [0x00000007aeb80000,0x00000007aeb80000,0x00000007c0000000)
 ParOldGen       total 2758144K, used 2159136K [0x00000006c0000000, 0x0000000768580000, 0x000000076ab00000)
  object space 2758144K, 78% used [0x00000006c0000000,0x0000000743c881f0,0x0000000768580000)
 Metaspace       used 208013K, capacity 235858K, committed 236120K, reserved 1241088K
  class space    used 36202K, capacity 44080K, committed 44120K, reserved 1048576K
}
Event: 373.948 GC heap before
{Heap before GC invocations=221 (full 9):
 PSYoungGen      total 1006592K, used 1006180K [0x000000076ab00000, 0x00000007c0000000, 0x00000007c0000000)
  eden space 838656K, 100% used [0x000000076ab00000,0x000000079de00000,0x000000079de00000)
  from space 167936K, 99% used [0x000000079de00000,0x00000007a8199230,0x00000007a8200000)
  to   space 283136K, 0% used [0x00000007aeb80000,0x00000007aeb80000,0x00000007c0000000)
 ParOldGen       total 2758144K, used 2160526K [0x00000006c0000000, 0x0000000768580000, 0x000000076ab00000)
  object space 2758144K, 78% used [0x00000006c0000000,0x0000000743de3a98,0x0000000768580000)
 Metaspace       used 208020K, capacity 235858K, committed 236120K, reserved 1241088K
  class space    used 36203K, capacity 44080K, committed 44120K, reserved 1048576K
Event: 374.053 GC heap after
Heap after GC invocations=221 (full 9):
 PSYoungGen      total 1095168K, used 187825K [0x000000076ab00000, 0x00000007c0000000, 0x00000007c0000000)
  eden space 812032K, 0% used [0x000000076ab00000,0x000000076ab00000,0x000000079c400000)
  from space 283136K, 66% used [0x00000007aeb80000,0x00000007ba2ec6f8,0x00000007c0000000)
  to   space 292864K, 0% used [0x000000079c400000,0x000000079c400000,0x00000007ae200000)
 ParOldGen       total 2758144K, used 2160542K [0x00000006c0000000, 0x0000000768580000, 0x000000076ab00000)
  object space 2758144K, 78% used [0x00000006c0000000,0x0000000743de7a98,0x0000000768580000)
 Metaspace       used 208020K, capacity 235858K, committed 236120K, reserved 1241088K
  class space    used 36203K, capacity 44080K, committed 44120K, reserved 1048576K
}
Event: 375.244 GC heap before
{Heap before GC invocations=222 (full 9):
 PSYoungGen      total 1095168K, used 999857K [0x000000076ab00000, 0x00000007c0000000, 0x00000007c0000000)
  eden space 812032K, 100% used [0x000000076ab00000,0x000000079c400000,0x000000079c400000)
  from space 283136K, 66% used [0x00000007aeb80000,0x00000007ba2ec6f8,0x00000007c0000000)
  to   space 292864K, 0% used [0x000000079c400000,0x000000079c400000,0x00000007ae200000)
 ParOldGen       total 2758144K, used 2160725K [0x00000006c0000000, 0x0000000768580000, 0x000000076ab00000)
  object space 2758144K, 78% used [0x00000006c0000000,0x0000000743e15758,0x0000000768580000)
 Metaspace       used 208021K, capacity 235858K, committed 236120K, reserved 1241088K
  class space    used 36203K, capacity 44080K, committed 44120K, reserved 1048576K
Event: 375.351 GC heap after
Heap after GC invocations=222 (full 9):
 PSYoungGen      total 1025024K, used 212919K [0x000000076ab00000, 0x00000007c0000000, 0x00000007c0000000)
  eden space 812032K, 0% used [0x000000076ab00000,0x000000076ab00000,0x000000079c400000)
  from space 212992K, 99% used [0x000000079c400000,0x00000007a93edf80,0x00000007a9400000)
  to   space 308736K, 0% used [0x00000007ad280000,0x00000007ad280000,0x00000007c0000000)
 ParOldGen       total 2758144K, used 2160741K [0x00000006c0000000, 0x0000000768580000, 0x000000076ab00000)
  object space 2758144K, 78% used [0x00000006c0000000,0x0000000743e19758,0x0000000768580000)
 Metaspace       used 208021K, capacity 235858K, committed 236120K, reserved 1241088K
  class space    used 36203K, capacity 44080K, committed 44120K, reserved 1048576K
}
Event: 376.800 GC heap before
{Heap before GC invocations=223 (full 9):
 PSYoungGen      total 1025024K, used 1024951K [0x000000076ab00000, 0x00000007c0000000, 0x00000007c0000000)
  eden space 812032K, 100% used [0x000000076ab00000,0x000000079c400000,0x000000079c400000)
  from space 212992K, 99% used [0x000000079c400000,0x00000007a93edf80,0x00000007a9400000)
  to   space 308736K, 0% used [0x00000007ad280000,0x00000007ad280000,0x00000007c0000000)
 ParOldGen       total 2758144K, used 2160744K [0x00000006c0000000, 0x0000000768580000, 0x000000076ab00000)
  object space 2758144K, 78% used [0x00000006c0000000,0x0000000743e1a1a0,0x0000000768580000)
 Metaspace       used 208061K, capacity 235964K, committed 236120K, reserved 1241088K
  class space    used 36212K, capacity 44095K, committed 44120K, reserved 1048576K
Event: 376.959 GC heap after
Heap after GC invocations=223 (full 9):
 PSYoungGen      total 1072640K, used 203252K [0x000000076ab00000, 0x00000007c0000000, 0x00000007c0000000)
  eden space 763904K, 0% used [0x000000076ab00000,0x000000076ab00000,0x0000000799500000)
  from space 308736K, 65% used [0x00000007ad280000,0x00000007b98fd1c8,0x00000007c0000000)
  to   space 316928K, 0% used [0x0000000799500000,0x0000000799500000,0x00000007aca80000)
 ParOldGen       total 2758144K, used 2160776K [0x00000006c0000000, 0x0000000768580000, 0x000000076ab00000)
  object space 2758144K, 78% used [0x00000006c0000000,0x0000000743e221a0,0x0000000768580000)
 Metaspace       used 208061K, capacity 235964K, committed 236120K, reserved 1241088K
  class space    used 36212K, capacity 44095K, committed 44120K, reserved 1048576K
}

