# JRE version: OpenJDK Runtime Environment (8.0_242-b08) (build 1.8.0_242-b08)
# Java VM: OpenJDK 64-Bit Server VM (25.242-b08 mixed mode windows-amd64 compressed oops)
Heap:
 garbage-first heap   total 8388608K, used 5415763K [0x00000005c0000000, 0x00000005c2000800, 0x00000007c0000000)
  region size 32768K, 33 young (1081344K), 5 survivors (163840K)
 Metaspace       used 238774K, capacity 271502K, committed 271836K, reserved 1269760K
  class space    used 41222K, capacity 51051K, committed 51168K, reserved 1048576K
GC Heap History (10 events):
Event: 1049.761 GC heap before
{Heap before GC invocations=233 (full 0):
 garbage-first heap   total 8388608K, used 6112416K [0x00000005c0000000, 0x00000005c2000800, 0x00000007c0000000)
  region size 32768K, 51 young (1671168K), 7 survivors (229376K)
 Metaspace       used 238515K, capacity 271220K, committed 271580K, reserved 1269760K
  class space    used 41207K, capacity 51030K, committed 51168K, reserved 1048576K
Event: 1049.855 GC heap after
Heap after GC invocations=234 (full 0):
 garbage-first heap   total 8388608K, used 4530496K [0x00000005c0000000, 0x00000005c2000800, 0x00000007c0000000)
  region size 32768K, 6 young (196608K), 6 survivors (196608K)
 Metaspace       used 238515K, capacity 271220K, committed 271580K, reserved 1269760K
  class space    used 41207K, capacity 51030K, committed 51168K, reserved 1048576K
}
Event: 1076.165 GC heap before
{Heap before GC invocations=234 (full 0):
 garbage-first heap   total 8388608K, used 6005056K [0x00000005c0000000, 0x00000005c2000800, 0x00000007c0000000)
  region size 32768K, 52 young (1703936K), 6 survivors (196608K)
 Metaspace       used 238603K, capacity 271320K, committed 271580K, reserved 1269760K
  class space    used 41213K, capacity 51036K, committed 51168K, reserved 1048576K
Event: 1076.280 GC heap after
Heap after GC invocations=235 (full 0):
 garbage-first heap   total 8388608K, used 4536445K [0x00000005c0000000, 0x00000005c2000800, 0x00000007c0000000)
  region size 32768K, 5 young (163840K), 5 survivors (163840K)
 Metaspace       used 238603K, capacity 271320K, committed 271580K, reserved 1269760K
  class space    used 41213K, capacity 51036K, committed 51168K, reserved 1048576K
}
Event: 1105.053 GC heap before
{Heap before GC invocations=235 (full 0):
 garbage-first heap   total 8388608K, used 6043773K [0x00000005c0000000, 0x00000005c2000800, 0x00000007c0000000)
  region size 32768K, 52 young (1703936K), 5 survivors (163840K)
 Metaspace       used 238668K, capacity 271390K, committed 271580K, reserved 1269760K
  class space    used 41213K, capacity 51037K, committed 51168K, reserved 1048576K
Event: 1105.095 GC heap after
Heap after GC invocations=236 (full 0):
 garbage-first heap   total 8388608K, used 4578852K [0x00000005c0000000, 0x00000005c2000800, 0x00000007c0000000)
  region size 32768K, 6 young (196608K), 6 survivors (196608K)
 Metaspace       used 238668K, capacity 271390K, committed 271580K, reserved 1269760K
  class space    used 41213K, capacity 51037K, committed 51168K, reserved 1048576K
}
Event: 1122.107 GC heap before
{Heap before GC invocations=236 (full 0):
 garbage-first heap   total 8388608K, used 6053412K [0x00000005c0000000, 0x00000005c2000800, 0x00000007c0000000)
  region size 32768K, 52 young (1703936K), 6 survivors (196608K)
 Metaspace       used 238697K, capacity 271394K, committed 271580K, reserved 1269760K
  class space    used 41213K, capacity 51037K, committed 51168K, reserved 1048576K
Event: 1122.146 GC heap after
Heap after GC invocations=237 (full 0):
 garbage-first heap   total 8388608K, used 4593862K [0x00000005c0000000, 0x00000005c2000800, 0x00000007c0000000)
  region size 32768K, 7 young (229376K), 7 survivors (229376K)
 Metaspace       used 238697K, capacity 271394K, committed 271580K, reserved 1269760K
  class space    used 41213K, capacity 51037K, committed 51168K, reserved 1048576K
}
Event: 1141.874 GC heap before
{Heap before GC invocations=238 (full 0):
 garbage-first heap   total 8388608K, used 6035654K [0x00000005c0000000, 0x00000005c2000800, 0x00000007c0000000)
  region size 32768K, 51 young (1671168K), 7 survivors (229376K)
 Metaspace       used 238730K, capacity 271462K, committed 271836K, reserved 1269760K
  class space    used 41213K, capacity 51037K, committed 51168K, reserved 1048576K
Event: 1141.905 GC heap after
Heap after GC invocations=239 (full 0):
 garbage-first heap   total 8388608K, used 4531027K [0x00000005c0000000, 0x00000005c2000800, 0x00000007c0000000)
  region size 32768K, 5 young (163840K), 5 survivors (163840K)
 Metaspace       used 238730K, capacity 271462K, committed 271836K, reserved 1269760K
  class space    used 41213K, capacity 51037K, committed 51168K, reserved 1048576K
}

