# JRE version: OpenJDK Runtime Environment (8.0_242-b08) (build 1.8.0_242-b08)
# Java VM: OpenJDK 64-Bit Server VM (25.242-b08 mixed mode windows-amd64 compressed oops)
Heap:
 garbage-first heap   total 8388608K, used 5216007K [0x00000005c0000000, 0x00000005c2000800, 0x00000007c0000000)
  region size 32768K, 51 young (1671168K), 5 survivors (163840K)
 Metaspace       used 244073K, capacity 276778K, committed 277112K, reserved 1273856K
  class space    used 42471K, capacity 52611K, committed 52692K, reserved 1048576K
GC Heap History (10 events):
Event: 498.283 GC heap before
{Heap before GC invocations=172 (full 0):
 garbage-first heap   total 8388608K, used 5222338K [0x00000005c0000000, 0x00000005c2000800, 0x00000007c0000000)
  region size 32768K, 51 young (1671168K), 7 survivors (229376K)
 Metaspace       used 238623K, capacity 270344K, committed 270456K, reserved 1267712K
  class space    used 42144K, capacity 52166K, committed 52180K, reserved 1048576K
Event: 498.371 GC heap after
Heap after GC invocations=173 (full 0):
 garbage-first heap   total 8388608K, used 3918756K [0x00000005c0000000, 0x00000005c2000800, 0x00000007c0000000)
  region size 32768K, 7 young (229376K), 7 survivors (229376K)
 Metaspace       used 238623K, capacity 270344K, committed 270456K, reserved 1267712K
  class space    used 42144K, capacity 52166K, committed 52180K, reserved 1048576K
}
Event: 502.099 GC heap before
{Heap before GC invocations=173 (full 0):
 garbage-first heap   total 8388608K, used 5360548K [0x00000005c0000000, 0x00000005c2000800, 0x00000007c0000000)
  region size 32768K, 51 young (1671168K), 7 survivors (229376K)
 Metaspace       used 241172K, capacity 273564K, committed 273656K, reserved 1269760K
  class space    used 42386K, capacity 52538K, committed 52564K, reserved 1048576K
Event: 502.166 GC heap after
Heap after GC invocations=174 (full 0):
 garbage-first heap   total 8388608K, used 4051059K [0x00000005c0000000, 0x00000005c2000800, 0x00000007c0000000)
  region size 32768K, 7 young (229376K), 7 survivors (229376K)
 Metaspace       used 241172K, capacity 273564K, committed 273656K, reserved 1269760K
  class space    used 42386K, capacity 52538K, committed 52564K, reserved 1048576K
}
Event: 507.097 GC heap before
{Heap before GC invocations=174 (full 0):
 garbage-first heap   total 8388608K, used 5492851K [0x00000005c0000000, 0x00000005c2000800, 0x00000007c0000000)
  region size 32768K, 51 young (1671168K), 7 survivors (229376K)
 Metaspace       used 242657K, capacity 275228K, committed 275448K, reserved 1271808K
  class space    used 42408K, capacity 52544K, committed 52564K, reserved 1048576K
Event: 507.147 GC heap after
Heap after GC invocations=175 (full 0):
 garbage-first heap   total 8388608K, used 4064828K [0x00000005c0000000, 0x00000005c2000800, 0x00000007c0000000)
  region size 32768K, 5 young (163840K), 5 survivors (163840K)
 Metaspace       used 242657K, capacity 275228K, committed 275448K, reserved 1271808K
  class space    used 42408K, capacity 52544K, committed 52564K, reserved 1048576K
}
Event: 516.828 GC heap before
{Heap before GC invocations=176 (full 0):
 garbage-first heap   total 8388608K, used 5572156K [0x00000005c0000000, 0x00000005c2000800, 0x00000007c0000000)
  region size 32768K, 52 young (1703936K), 5 survivors (163840K)
 Metaspace       used 243108K, capacity 275544K, committed 275704K, reserved 1271808K
  class space    used 42398K, capacity 52474K, committed 52564K, reserved 1048576K
Event: 516.891 GC heap after
Heap after GC invocations=177 (full 0):
 garbage-first heap   total 8388608K, used 4016433K [0x00000005c0000000, 0x00000005c2000800, 0x00000007c0000000)
  region size 32768K, 4 young (131072K), 4 survivors (131072K)
 Metaspace       used 243108K, capacity 275544K, committed 275704K, reserved 1271808K
  class space    used 42398K, capacity 52474K, committed 52564K, reserved 1048576K
}
Event: 526.579 GC heap before
{Heap before GC invocations=177 (full 0):
 garbage-first heap   total 8388608K, used 5556529K [0x00000005c0000000, 0x00000005c2000800, 0x00000007c0000000)
  region size 32768K, 51 young (1671168K), 4 survivors (131072K)
 Metaspace       used 243750K, capacity 276368K, committed 276600K, reserved 1273856K
  class space    used 42442K, capacity 52544K, committed 52692K, reserved 1048576K
Event: 526.652 GC heap after
Heap after GC invocations=178 (full 0):
 garbage-first heap   total 8388608K, used 3741447K [0x00000005c0000000, 0x00000005c2000800, 0x00000007c0000000)
  region size 32768K, 5 young (163840K), 5 survivors (163840K)
 Metaspace       used 243750K, capacity 276368K, committed 276600K, reserved 1273856K
  class space    used 42442K, capacity 52544K, committed 52692K, reserved 1048576K
}

