# JRE version: Java(TM) SE Runtime Environment (8.0_51-b16) (build 1.8.0_51-b16)
# Java VM: Java HotSpot(TM) 64-Bit Server VM (25.51-b03 mixed mode windows-amd64 compressed oops)
Heap:
 PSYoungGen      total 1065472K, used 863496K [0x000000076ab00000, 0x00000007b6180000, 0x00000007c0000000)
  eden space 908800K, 86% used [0x000000076ab00000,0x000000079a8fea68,0x00000007a2280000)
  from space 156672K, 50% used [0x00000007abc00000,0x00000007b09438c0,0x00000007b5500000)
  to   space 157184K, 0% used [0x00000007a2280000,0x00000007a2280000,0x00000007abc00000)
 ParOldGen       total 2642944K, used 2392030K [0x00000006c0000000, 0x0000000761500000, 0x000000076ab00000)
  object space 2642944K, 90% used [0x00000006c0000000,0x0000000751ff7a30,0x0000000761500000)
 Metaspace       used 214984K, capacity 244490K, committed 244668K, reserved 1249280K
  class space    used 37491K, capacity 45637K, committed 45756K, reserved 1048576K
GC Heap History (10 events):
Event: 411.122 GC heap before
{Heap before GC invocations=275 (full 11):
 PSYoungGen      total 1058816K, used 880522K [0x000000076ab00000, 0x00000007b8600000, 0x00000007c0000000)
  eden space 845824K, 100% used [0x000000076ab00000,0x000000079e500000,0x000000079e500000)
  from space 212992K, 16% used [0x000000079e500000,0x00000007a06e2ae8,0x00000007ab500000)
  to   space 200704K, 0% used [0x00000007ac200000,0x00000007ac200000,0x00000007b8600000)
 ParOldGen       total 2642944K, used 2384777K [0x00000006c0000000, 0x0000000761500000, 0x000000076ab00000)
  object space 2642944K, 90% used [0x00000006c0000000,0x00000007518e26c8,0x0000000761500000)
 Metaspace       used 214735K, capacity 244098K, committed 244412K, reserved 1247232K
  class space    used 37472K, capacity 45613K, committed 45756K, reserved 1048576K
Event: 411.143 GC heap after
Heap after GC invocations=275 (full 11):
 PSYoungGen      total 1042432K, used 32513K [0x000000076ab00000, 0x00000007b6c80000, 0x00000007c0000000)
  eden space 867840K, 0% used [0x000000076ab00000,0x000000076ab00000,0x000000079fa80000)
  from space 174592K, 18% used [0x00000007ac200000,0x00000007ae1c0410,0x00000007b6c80000)
  to   space 189440K, 0% used [0x000000079fa80000,0x000000079fa80000,0x00000007ab380000)
 ParOldGen       total 2642944K, used 2385497K [0x00000006c0000000, 0x0000000761500000, 0x000000076ab00000)
  object space 2642944K, 90% used [0x00000006c0000000,0x0000000751996758,0x0000000761500000)
 Metaspace       used 214735K, capacity 244098K, committed 244412K, reserved 1247232K
  class space    used 37472K, capacity 45613K, committed 45756K, reserved 1048576K
}
Event: 416.122 GC heap before
{Heap before GC invocations=276 (full 11):
 PSYoungGen      total 1042432K, used 900353K [0x000000076ab00000, 0x00000007b6c80000, 0x00000007c0000000)
  eden space 867840K, 100% used [0x000000076ab00000,0x000000079fa80000,0x000000079fa80000)
  from space 174592K, 18% used [0x00000007ac200000,0x00000007ae1c0410,0x00000007b6c80000)
  to   space 189440K, 0% used [0x000000079fa80000,0x000000079fa80000,0x00000007ab380000)
 ParOldGen       total 2642944K, used 2385497K [0x00000006c0000000, 0x0000000761500000, 0x000000076ab00000)
  object space 2642944K, 90% used [0x00000006c0000000,0x0000000751996758,0x0000000761500000)
 Metaspace       used 214799K, capacity 244182K, committed 244412K, reserved 1247232K
  class space    used 37472K, capacity 45613K, committed 45756K, reserved 1048576K
Event: 416.142 GC heap after
Heap after GC invocations=276 (full 11):
 PSYoungGen      total 1057280K, used 32351K [0x000000076ab00000, 0x00000007b6b00000, 0x00000007c0000000)
  eden space 867840K, 0% used [0x000000076ab00000,0x000000076ab00000,0x000000079fa80000)
  from space 189440K, 17% used [0x000000079fa80000,0x00000007a1a17f80,0x00000007ab380000)
  to   space 179200K, 0% used [0x00000007abc00000,0x00000007abc00000,0x00000007b6b00000)
 ParOldGen       total 2642944K, used 2386483K [0x00000006c0000000, 0x0000000761500000, 0x000000076ab00000)
  object space 2642944K, 90% used [0x00000006c0000000,0x0000000751a8cec0,0x0000000761500000)
 Metaspace       used 214799K, capacity 244182K, committed 244412K, reserved 1247232K
  class space    used 37472K, capacity 45613K, committed 45756K, reserved 1048576K
}
Event: 420.945 GC heap before
{Heap before GC invocations=277 (full 11):
 PSYoungGen      total 1057280K, used 900191K [0x000000076ab00000, 0x00000007b6b00000, 0x00000007c0000000)
  eden space 867840K, 100% used [0x000000076ab00000,0x000000079fa80000,0x000000079fa80000)
  from space 189440K, 17% used [0x000000079fa80000,0x00000007a1a17f80,0x00000007ab380000)
  to   space 179200K, 0% used [0x00000007abc00000,0x00000007abc00000,0x00000007b6b00000)
 ParOldGen       total 2642944K, used 2386483K [0x00000006c0000000, 0x0000000761500000, 0x000000076ab00000)
  object space 2642944K, 90% used [0x00000006c0000000,0x0000000751a8cf48,0x0000000761500000)
 Metaspace       used 214899K, capacity 244352K, committed 244668K, reserved 1249280K
  class space    used 37478K, capacity 45616K, committed 45756K, reserved 1048576K
Event: 420.979 GC heap after
Heap after GC invocations=277 (full 11):
 PSYoungGen      total 1039360K, used 42525K [0x000000076ab00000, 0x00000007b5280000, 0x00000007c0000000)
  eden space 885248K, 0% used [0x000000076ab00000,0x000000076ab00000,0x00000007a0b80000)
  from space 154112K, 27% used [0x00000007abc00000,0x00000007ae587708,0x00000007b5280000)
  to   space 167424K, 0% used [0x00000007a0b80000,0x00000007a0b80000,0x00000007aaf00000)
 ParOldGen       total 2642944K, used 2388493K [0x00000006c0000000, 0x0000000761500000, 0x000000076ab00000)
  object space 2642944K, 90% used [0x00000006c0000000,0x0000000751c83470,0x0000000761500000)
 Metaspace       used 214899K, capacity 244352K, committed 244668K, reserved 1249280K
  class space    used 37478K, capacity 45616K, committed 45756K, reserved 1048576K
}
Event: 422.701 GC heap before
{Heap before GC invocations=278 (full 11):
 PSYoungGen      total 1039360K, used 927773K [0x000000076ab00000, 0x00000007b5280000, 0x00000007c0000000)
  eden space 885248K, 100% used [0x000000076ab00000,0x00000007a0b80000,0x00000007a0b80000)
  from space 154112K, 27% used [0x00000007abc00000,0x00000007ae587708,0x00000007b5280000)
  to   space 167424K, 0% used [0x00000007a0b80000,0x00000007a0b80000,0x00000007aaf00000)
 ParOldGen       total 2642944K, used 2388495K [0x00000006c0000000, 0x0000000761500000, 0x000000076ab00000)
  object space 2642944K, 90% used [0x00000006c0000000,0x0000000751c83d08,0x0000000761500000)
 Metaspace       used 214931K, capacity 244388K, committed 244668K, reserved 1249280K
  class space    used 37481K, capacity 45622K, committed 45756K, reserved 1048576K
Event: 422.751 GC heap after
Heap after GC invocations=278 (full 11):
 PSYoungGen      total 1052672K, used 52484K [0x000000076ab00000, 0x00000007b5500000, 0x00000007c0000000)
  eden space 885248K, 0% used [0x000000076ab00000,0x000000076ab00000,0x00000007a0b80000)
  from space 167424K, 31% used [0x00000007a0b80000,0x00000007a3ec1240,0x00000007aaf00000)
  to   space 156672K, 0% used [0x00000007abc00000,0x00000007abc00000,0x00000007b5500000)
 ParOldGen       total 2642944K, used 2390213K [0x00000006c0000000, 0x0000000761500000, 0x000000076ab00000)
  object space 2642944K, 90% used [0x00000006c0000000,0x0000000751e31468,0x0000000761500000)
 Metaspace       used 214931K, capacity 244388K, committed 244668K, reserved 1249280K
  class space    used 37481K, capacity 45622K, committed 45756K, reserved 1048576K
}
Event: 424.087 GC heap before
{Heap before GC invocations=279 (full 11):
 PSYoungGen      total 1052672K, used 937732K [0x000000076ab00000, 0x00000007b5500000, 0x00000007c0000000)
  eden space 885248K, 100% used [0x000000076ab00000,0x00000007a0b80000,0x00000007a0b80000)
  from space 167424K, 31% used [0x00000007a0b80000,0x00000007a3ec1240,0x00000007aaf00000)
  to   space 156672K, 0% used [0x00000007abc00000,0x00000007abc00000,0x00000007b5500000)
 ParOldGen       total 2642944K, used 2391870K [0x00000006c0000000, 0x0000000761500000, 0x000000076ab00000)
  object space 2642944K, 90% used [0x00000006c0000000,0x0000000751fcfa00,0x0000000761500000)
 Metaspace       used 214931K, capacity 244388K, committed 244668K, reserved 1249280K
  class space    used 37481K, capacity 45622K, committed 45756K, reserved 1048576K
Event: 424.158 GC heap after
Heap after GC invocations=279 (full 11):
 PSYoungGen      total 1065472K, used 79118K [0x000000076ab00000, 0x00000007b6180000, 0x00000007c0000000)
  eden space 908800K, 0% used [0x000000076ab00000,0x000000076ab00000,0x00000007a2280000)
  from space 156672K, 50% used [0x00000007abc00000,0x00000007b09438c0,0x00000007b5500000)
  to   space 157184K, 0% used [0x00000007a2280000,0x00000007a2280000,0x00000007abc00000)
 ParOldGen       total 2642944K, used 2392030K [0x00000006c0000000, 0x0000000761500000, 0x000000076ab00000)
  object space 2642944K, 90% used [0x00000006c0000000,0x0000000751ff7a30,0x0000000761500000)
 Metaspace       used 214931K, capacity 244388K, committed 244668K, reserved 1249280K
  class space    used 37481K, capacity 45622K, committed 45756K, reserved 1048576K
}

